0 verbose cli C:\Program Files\nodejs\node.exe C:\Program Files\nodejs\node_modules\npm\bin\npm-cli.js
1 info using npm@9.6.7
2 info using node@v18.17.1
3 timing npm:load:whichnode Completed in 2ms
4 timing config:load:defaults Completed in 1ms
5 timing config:load:file:C:\Program Files\nodejs\node_modules\npm\npmrc Completed in 3ms
6 timing config:load:builtin Completed in 3ms
7 timing config:load:cli Completed in 2ms
8 timing config:load:env Completed in 0ms
9 timing config:load:project Completed in 3ms
10 timing config:load:file:C:\Users\Sujana\.npmrc Completed in 1ms
11 timing config:load:user Completed in 1ms
12 timing config:load:file:C:\Users\Sujana\AppData\Roaming\npm\etc\npmrc Completed in 0ms
13 timing config:load:global Completed in 1ms
14 timing config:load:setEnvs Completed in 0ms
15 timing config:load Completed in 12ms
16 timing npm:load:configload Completed in 12ms
17 timing npm:load:mkdirpcache Completed in 1ms
18 timing npm:load:mkdirplogs Completed in 0ms
19 verbose title npm install vite
20 verbose argv "install" "--save-dev" "vite"
21 timing npm:load:setTitle Completed in 2ms
22 timing config:load:flatten Completed in 2ms
23 timing npm:load:display Completed in 2ms
24 verbose logfile logs-max:10 dir:C:\Users\Sujana\OneDrive\Desktop\3d\.npm\_logs\2024-04-08T07_10_50_834Z-
25 verbose logfile C:\Users\Sujana\OneDrive\Desktop\3d\.npm\_logs\2024-04-08T07_10_50_834Z-debug-0.log
26 timing npm:load:logFile Completed in 8ms
27 timing npm:load:timers Completed in 0ms
28 timing npm:load:configScope Completed in 0ms
29 timing npm:load Completed in 28ms
30 timing arborist:ctor Completed in 1ms
31 silly logfile done cleaning log files
32 timing idealTree:init Completed in 51ms
33 timing idealTree:userRequests Completed in 1ms
34 silly idealTree buildDeps
35 silly fetch manifest vite@*
36 timing arborist:ctor Completed in 0ms
37 http fetch GET 200 https://registry.npmjs.org/vite 2532ms (cache miss)
38 silly fetch manifest @types/node@^18.0.0 || >=20.0.0
39 http fetch GET 200 https://registry.npmjs.org/@types%2Fnode 1170ms (cache miss)
40 silly fetch manifest less@*
41 http fetch GET 200 https://registry.npmjs.org/less 527ms (cache miss)
42 silly fetch manifest lightningcss@^1.21.0
43 http fetch GET 200 https://registry.npmjs.org/lightningcss 545ms (cache miss)
44 silly fetch manifest sass@*
45 http fetch GET 200 https://registry.npmjs.org/sass 821ms (cache miss)
46 silly fetch manifest stylus@*
47 http fetch GET 200 https://registry.npmjs.org/stylus 629ms (cache miss)
48 silly fetch manifest sugarss@*
49 http fetch GET 200 https://registry.npmjs.org/sugarss 609ms (cache miss)
50 silly fetch manifest postcss@^8.3.3
51 http fetch GET 200 https://registry.npmjs.org/postcss 624ms (cache miss)
52 silly fetch manifest terser@^5.4.0
53 http fetch GET 200 https://registry.npmjs.org/terser 644ms (cache miss)
54 silly placeDep ROOT vite@5.2.8 OK for:  want: *
55 silly fetch manifest esbuild@^0.20.1
56 silly fetch manifest postcss@^8.4.38
57 silly fetch manifest rollup@^4.13.0
58 silly fetch manifest fsevents@~2.3.3
59 http fetch GET 200 https://registry.npmjs.org/esbuild 1014ms (cache miss)
60 http fetch GET 200 https://registry.npmjs.org/fsevents 1369ms (cache miss)
61 http fetch GET 200 https://registry.npmjs.org/rollup 2471ms (cache miss)
62 timing idealTree:#root Completed in 10656ms
63 silly placeDep ROOT esbuild@0.20.2 OK for: vite@5.2.8 want: ^0.20.1
64 silly fetch manifest @esbuild/aix-ppc64@0.20.2
65 silly fetch manifest @esbuild/android-arm@0.20.2
66 silly fetch manifest @esbuild/android-arm64@0.20.2
67 silly fetch manifest @esbuild/android-x64@0.20.2
68 silly fetch manifest @esbuild/darwin-arm64@0.20.2
69 silly fetch manifest @esbuild/darwin-x64@0.20.2
70 silly fetch manifest @esbuild/freebsd-arm64@0.20.2
71 silly fetch manifest @esbuild/freebsd-x64@0.20.2
72 silly fetch manifest @esbuild/linux-arm@0.20.2
73 silly fetch manifest @esbuild/linux-arm64@0.20.2
74 silly fetch manifest @esbuild/linux-ia32@0.20.2
75 silly fetch manifest @esbuild/linux-loong64@0.20.2
76 silly fetch manifest @esbuild/linux-mips64el@0.20.2
77 silly fetch manifest @esbuild/linux-ppc64@0.20.2
78 silly fetch manifest @esbuild/linux-riscv64@0.20.2
79 silly fetch manifest @esbuild/linux-s390x@0.20.2
80 silly fetch manifest @esbuild/linux-x64@0.20.2
81 silly fetch manifest @esbuild/netbsd-x64@0.20.2
82 silly fetch manifest @esbuild/openbsd-x64@0.20.2
83 silly fetch manifest @esbuild/sunos-x64@0.20.2
84 silly fetch manifest @esbuild/win32-arm64@0.20.2
85 silly fetch manifest @esbuild/win32-ia32@0.20.2
86 silly fetch manifest @esbuild/win32-x64@0.20.2
87 silly placeDep ROOT fsevents@2.3.3 OK for: vite@5.2.8 want: ~2.3.3
88 silly placeDep ROOT postcss@8.4.38 OK for: vite@5.2.8 want: ^8.4.38
89 silly fetch manifest nanoid@^3.3.7
90 silly fetch manifest picocolors@^1.0.0
91 silly fetch manifest source-map-js@^1.2.0
92 silly placeDep ROOT rollup@4.14.1 OK for: vite@5.2.8 want: ^4.13.0
93 silly fetch manifest @types/estree@1.0.5
94 silly fetch manifest @rollup/rollup-darwin-arm64@4.14.1
95 silly fetch manifest @rollup/rollup-android-arm64@4.14.1
96 silly fetch manifest @rollup/rollup-win32-arm64-msvc@4.14.1
97 silly fetch manifest @rollup/rollup-linux-arm64-gnu@4.14.1
98 silly fetch manifest @rollup/rollup-linux-arm64-musl@4.14.1
99 silly fetch manifest @rollup/rollup-android-arm-eabi@4.14.1
100 silly fetch manifest @rollup/rollup-linux-arm-gnueabihf@4.14.1
101 silly fetch manifest @rollup/rollup-win32-ia32-msvc@4.14.1
102 silly fetch manifest @rollup/rollup-linux-riscv64-gnu@4.14.1
103 silly fetch manifest @rollup/rollup-linux-powerpc64le-gnu@4.14.1
104 silly fetch manifest @rollup/rollup-linux-s390x-gnu@4.14.1
105 silly fetch manifest @rollup/rollup-darwin-x64@4.14.1
106 silly fetch manifest @rollup/rollup-win32-x64-msvc@4.14.1
107 silly fetch manifest @rollup/rollup-linux-x64-gnu@4.14.1
108 silly fetch manifest @rollup/rollup-linux-x64-musl@4.14.1
109 http fetch GET 200 https://registry.npmjs.org/@esbuild%2Fandroid-arm64 741ms (cache miss)
110 http fetch GET 200 https://registry.npmjs.org/@esbuild%2Faix-ppc64 745ms (cache miss)
111 http fetch GET 200 https://registry.npmjs.org/@esbuild%2Fandroid-arm 750ms (cache miss)
112 http fetch GET 200 https://registry.npmjs.org/picocolors 1159ms (cache miss)
113 http fetch GET 200 https://registry.npmjs.org/@esbuild%2Fwin32-arm64 1173ms (cache miss)
114 http fetch GET 200 https://registry.npmjs.org/nanoid 1170ms (cache miss)
115 http fetch GET 200 https://registry.npmjs.org/source-map-js 1354ms (cache miss)
116 http fetch GET 200 https://registry.npmjs.org/@esbuild%2Ffreebsd-x64 1439ms (cache miss)
117 http fetch GET 200 https://registry.npmjs.org/@esbuild%2Fdarwin-x64 1466ms (cache miss)
118 http fetch GET 200 https://registry.npmjs.org/@esbuild%2Fandroid-x64 1532ms (cache miss)
119 http fetch GET 200 https://registry.npmjs.org/@esbuild%2Fnetbsd-x64 1538ms (cache miss)
120 http fetch GET 200 https://registry.npmjs.org/@esbuild%2Ffreebsd-arm64 1552ms (cache miss)
121 http fetch GET 200 https://registry.npmjs.org/@esbuild%2Fdarwin-arm64 1553ms (cache miss)
122 http fetch GET 200 https://registry.npmjs.org/@rollup%2Frollup-win32-arm64-msvc 1564ms (cache miss)
123 http fetch GET 200 https://registry.npmjs.org/@types%2Festree 1575ms (cache miss)
124 http fetch GET 200 https://registry.npmjs.org/@esbuild%2Fsunos-x64 1652ms (cache miss)
125 http fetch GET 200 https://registry.npmjs.org/@esbuild%2Fopenbsd-x64 1687ms (cache miss)
126 http fetch GET 200 https://registry.npmjs.org/@esbuild%2Fwin32-ia32 1685ms (cache miss)
127 http fetch GET 200 https://registry.npmjs.org/@rollup%2Frollup-android-arm64 1700ms (cache miss)
128 http fetch GET 200 https://registry.npmjs.org/@esbuild%2Fwin32-x64 1728ms (cache miss)
129 http fetch GET 200 https://registry.npmjs.org/@rollup%2Frollup-darwin-arm64 1834ms (cache miss)
130 http fetch GET 200 https://registry.npmjs.org/@rollup%2Frollup-linux-riscv64-gnu 1821ms (cache miss)
131 http fetch GET 200 https://registry.npmjs.org/@rollup%2Frollup-linux-arm-gnueabihf 1823ms (cache miss)
132 http fetch GET 200 https://registry.npmjs.org/@rollup%2Frollup-linux-arm64-gnu 1888ms (cache miss)
133 http fetch GET 200 https://registry.npmjs.org/@rollup%2Frollup-win32-x64-msvc 1915ms (cache miss)
134 http fetch GET 200 https://registry.npmjs.org/@rollup%2Frollup-linux-arm64-musl 1937ms (cache miss)
135 http fetch GET 200 https://registry.npmjs.org/@rollup%2Frollup-android-arm-eabi 1955ms (cache miss)
136 http fetch GET 200 https://registry.npmjs.org/@rollup%2Frollup-win32-ia32-msvc 1983ms (cache miss)
137 http fetch GET 200 https://registry.npmjs.org/@rollup%2Frollup-linux-powerpc64le-gnu 1995ms (cache miss)
138 http fetch GET 200 https://registry.npmjs.org/@rollup%2Frollup-darwin-x64 2087ms (cache miss)
139 http fetch GET 200 https://registry.npmjs.org/@rollup%2Frollup-linux-x64-musl 2095ms (cache miss)
140 http fetch GET 200 https://registry.npmjs.org/@rollup%2Frollup-linux-x64-gnu 2104ms (cache miss)
141 http fetch GET 200 https://registry.npmjs.org/@rollup%2Frollup-linux-s390x-gnu 2117ms (cache miss)
142 http fetch GET 200 https://registry.npmjs.org/@esbuild%2Flinux-arm64 2181ms (cache miss)
143 http fetch GET 200 https://registry.npmjs.org/@esbuild%2Flinux-arm 2287ms (cache miss)
144 http fetch GET 200 https://registry.npmjs.org/@esbuild%2Flinux-ppc64 2283ms (cache miss)
145 http fetch GET 200 https://registry.npmjs.org/@esbuild%2Flinux-mips64el 2350ms (cache miss)
146 http fetch GET 200 https://registry.npmjs.org/@esbuild%2Flinux-ia32 2377ms (cache miss)
147 http fetch GET 200 https://registry.npmjs.org/@esbuild%2Flinux-s390x 2467ms (cache miss)
148 http fetch GET 200 https://registry.npmjs.org/@esbuild%2Flinux-x64 2554ms (cache miss)
149 http fetch GET 200 https://registry.npmjs.org/@esbuild%2Flinux-riscv64 3949ms (cache miss)
150 http fetch GET 200 https://registry.npmjs.org/@esbuild%2Flinux-loong64 3960ms (cache miss)
151 timing idealTree:node_modules/vite Completed in 3976ms
152 silly placeDep ROOT @esbuild/aix-ppc64@0.20.2 OK for: esbuild@0.20.2 want: 0.20.2
153 silly placeDep ROOT @esbuild/android-arm@0.20.2 OK for: esbuild@0.20.2 want: 0.20.2
154 silly placeDep ROOT @esbuild/android-arm64@0.20.2 OK for: esbuild@0.20.2 want: 0.20.2
155 silly placeDep ROOT @esbuild/android-x64@0.20.2 OK for: esbuild@0.20.2 want: 0.20.2
156 silly placeDep ROOT @esbuild/darwin-arm64@0.20.2 OK for: esbuild@0.20.2 want: 0.20.2
157 silly placeDep ROOT @esbuild/darwin-x64@0.20.2 OK for: esbuild@0.20.2 want: 0.20.2
158 silly placeDep ROOT @esbuild/freebsd-arm64@0.20.2 OK for: esbuild@0.20.2 want: 0.20.2
159 silly placeDep ROOT @esbuild/freebsd-x64@0.20.2 OK for: esbuild@0.20.2 want: 0.20.2
160 silly placeDep ROOT @esbuild/linux-arm@0.20.2 OK for: esbuild@0.20.2 want: 0.20.2
161 silly placeDep ROOT @esbuild/linux-arm64@0.20.2 OK for: esbuild@0.20.2 want: 0.20.2
162 silly placeDep ROOT @esbuild/linux-ia32@0.20.2 OK for: esbuild@0.20.2 want: 0.20.2
163 silly placeDep ROOT @esbuild/linux-loong64@0.20.2 OK for: esbuild@0.20.2 want: 0.20.2
164 silly placeDep ROOT @esbuild/linux-mips64el@0.20.2 OK for: esbuild@0.20.2 want: 0.20.2
165 silly placeDep ROOT @esbuild/linux-ppc64@0.20.2 OK for: esbuild@0.20.2 want: 0.20.2
166 silly placeDep ROOT @esbuild/linux-riscv64@0.20.2 OK for: esbuild@0.20.2 want: 0.20.2
167 silly placeDep ROOT @esbuild/linux-s390x@0.20.2 OK for: esbuild@0.20.2 want: 0.20.2
168 silly placeDep ROOT @esbuild/linux-x64@0.20.2 OK for: esbuild@0.20.2 want: 0.20.2
169 silly placeDep ROOT @esbuild/netbsd-x64@0.20.2 OK for: esbuild@0.20.2 want: 0.20.2
170 silly placeDep ROOT @esbuild/openbsd-x64@0.20.2 OK for: esbuild@0.20.2 want: 0.20.2
171 silly placeDep ROOT @esbuild/sunos-x64@0.20.2 OK for: esbuild@0.20.2 want: 0.20.2
172 silly placeDep ROOT @esbuild/win32-arm64@0.20.2 OK for: esbuild@0.20.2 want: 0.20.2
173 silly placeDep ROOT @esbuild/win32-ia32@0.20.2 OK for: esbuild@0.20.2 want: 0.20.2
174 silly placeDep ROOT @esbuild/win32-x64@0.20.2 OK for: esbuild@0.20.2 want: 0.20.2
175 timing idealTree:node_modules/esbuild Completed in 27ms
176 timing idealTree:node_modules/@esbuild/aix-ppc64 Completed in 0ms
177 timing idealTree:node_modules/@esbuild/android-arm Completed in 0ms
178 timing idealTree:node_modules/@esbuild/android-arm64 Completed in 0ms
179 timing idealTree:node_modules/@esbuild/android-x64 Completed in 1ms
180 timing idealTree:node_modules/@esbuild/darwin-arm64 Completed in 0ms
181 timing idealTree:node_modules/@esbuild/darwin-x64 Completed in 0ms
182 timing idealTree:node_modules/@esbuild/freebsd-arm64 Completed in 0ms
183 timing idealTree:node_modules/@esbuild/freebsd-x64 Completed in 0ms
184 timing idealTree:node_modules/@esbuild/linux-arm Completed in 0ms
185 timing idealTree:node_modules/@esbuild/linux-arm64 Completed in 0ms
186 timing idealTree:node_modules/@esbuild/linux-ia32 Completed in 0ms
187 timing idealTree:node_modules/@esbuild/linux-loong64 Completed in 0ms
188 timing idealTree:node_modules/@esbuild/linux-mips64el Completed in 0ms
189 timing idealTree:node_modules/@esbuild/linux-ppc64 Completed in 0ms
190 timing idealTree:node_modules/@esbuild/linux-riscv64 Completed in 0ms
191 timing idealTree:node_modules/@esbuild/linux-s390x Completed in 0ms
192 timing idealTree:node_modules/@esbuild/linux-x64 Completed in 0ms
193 timing idealTree:node_modules/@esbuild/netbsd-x64 Completed in 0ms
194 timing idealTree:node_modules/@esbuild/openbsd-x64 Completed in 0ms
195 timing idealTree:node_modules/@esbuild/sunos-x64 Completed in 0ms
196 timing idealTree:node_modules/@esbuild/win32-arm64 Completed in 0ms
197 timing idealTree:node_modules/@esbuild/win32-ia32 Completed in 0ms
198 timing idealTree:node_modules/@esbuild/win32-x64 Completed in 0ms
199 timing idealTree:node_modules/fsevents Completed in 0ms
200 silly placeDep ROOT nanoid@3.3.7 OK for: postcss@8.4.38 want: ^3.3.7
201 silly placeDep ROOT picocolors@1.0.0 OK for: postcss@8.4.38 want: ^1.0.0
202 silly placeDep ROOT source-map-js@1.2.0 OK for: postcss@8.4.38 want: ^1.2.0
203 timing idealTree:node_modules/postcss Completed in 3ms
204 timing idealTree:node_modules/nanoid Completed in 0ms
205 timing idealTree:node_modules/picocolors Completed in 0ms
206 silly placeDep ROOT @rollup/rollup-android-arm-eabi@4.14.1 OK for: rollup@4.14.1 want: 4.14.1
207 silly placeDep ROOT @rollup/rollup-android-arm64@4.14.1 OK for: rollup@4.14.1 want: 4.14.1
208 silly placeDep ROOT @rollup/rollup-darwin-arm64@4.14.1 OK for: rollup@4.14.1 want: 4.14.1
209 silly placeDep ROOT @rollup/rollup-darwin-x64@4.14.1 OK for: rollup@4.14.1 want: 4.14.1
210 silly placeDep ROOT @rollup/rollup-linux-arm-gnueabihf@4.14.1 OK for: rollup@4.14.1 want: 4.14.1
211 silly placeDep ROOT @rollup/rollup-linux-arm64-gnu@4.14.1 OK for: rollup@4.14.1 want: 4.14.1
212 silly placeDep ROOT @rollup/rollup-linux-arm64-musl@4.14.1 OK for: rollup@4.14.1 want: 4.14.1
213 silly placeDep ROOT @rollup/rollup-linux-powerpc64le-gnu@4.14.1 OK for: rollup@4.14.1 want: 4.14.1
214 silly placeDep ROOT @rollup/rollup-linux-riscv64-gnu@4.14.1 OK for: rollup@4.14.1 want: 4.14.1
215 silly placeDep ROOT @rollup/rollup-linux-s390x-gnu@4.14.1 OK for: rollup@4.14.1 want: 4.14.1
216 silly placeDep ROOT @rollup/rollup-linux-x64-gnu@4.14.1 OK for: rollup@4.14.1 want: 4.14.1
217 silly placeDep ROOT @rollup/rollup-linux-x64-musl@4.14.1 OK for: rollup@4.14.1 want: 4.14.1
218 silly placeDep ROOT @rollup/rollup-win32-arm64-msvc@4.14.1 OK for: rollup@4.14.1 want: 4.14.1
219 silly placeDep ROOT @rollup/rollup-win32-ia32-msvc@4.14.1 OK for: rollup@4.14.1 want: 4.14.1
220 silly placeDep ROOT @rollup/rollup-win32-x64-msvc@4.14.1 OK for: rollup@4.14.1 want: 4.14.1
221 silly placeDep ROOT @types/estree@1.0.5 OK for: rollup@4.14.1 want: 1.0.5
222 timing idealTree:node_modules/rollup Completed in 18ms
223 timing idealTree:node_modules/@rollup/rollup-android-arm-eabi Completed in 0ms
224 timing idealTree:node_modules/@rollup/rollup-android-arm64 Completed in 0ms
225 timing idealTree:node_modules/@rollup/rollup-darwin-arm64 Completed in 0ms
226 timing idealTree:node_modules/@rollup/rollup-darwin-x64 Completed in 0ms
227 timing idealTree:node_modules/@rollup/rollup-linux-arm-gnueabihf Completed in 0ms
228 timing idealTree:node_modules/@rollup/rollup-linux-arm64-gnu Completed in 0ms
229 timing idealTree:node_modules/@rollup/rollup-linux-arm64-musl Completed in 0ms
230 timing idealTree:node_modules/@rollup/rollup-linux-powerpc64le-gnu Completed in 0ms
231 timing idealTree:node_modules/@rollup/rollup-linux-riscv64-gnu Completed in 0ms
232 timing idealTree:node_modules/@rollup/rollup-linux-s390x-gnu Completed in 0ms
233 timing idealTree:node_modules/@rollup/rollup-linux-x64-gnu Completed in 0ms
234 timing idealTree:node_modules/@rollup/rollup-linux-x64-musl Completed in 0ms
235 timing idealTree:node_modules/@rollup/rollup-win32-arm64-msvc Completed in 0ms
236 timing idealTree:node_modules/@rollup/rollup-win32-ia32-msvc Completed in 0ms
237 timing idealTree:node_modules/@rollup/rollup-win32-x64-msvc Completed in 0ms
238 timing idealTree:node_modules/@types/estree Completed in 0ms
239 timing idealTree:node_modules/source-map-js Completed in 0ms
240 timing idealTree:buildDeps Completed in 14684ms
241 timing idealTree:fixDepFlags Completed in 5ms
242 timing idealTree Completed in 14747ms
243 timing reify:loadTrees Completed in 14748ms
244 timing reify:diffTrees Completed in 9ms
245 silly reify moves {}
246 timing reify:retireShallow Completed in 2ms
247 timing reify:createSparse Completed in 16ms
248 timing reify:loadBundles Completed in 0ms
249 silly audit bulk request {
249 silly audit   accepts: [ '1.3.8' ],
249 silly audit   'append-field': [ '1.0.0' ],
249 silly audit   'array-flatten': [ '1.1.1' ],
249 silly audit   'body-parser': [ '1.20.1' ],
249 silly audit   'bootstrap-icons': [ '1.11.2' ],
249 silly audit   'buffer-from': [ '1.1.2' ],
249 silly audit   busboy: [ '1.6.0' ],
249 silly audit   bytes: [ '3.1.2' ],
249 silly audit   'call-bind': [ '1.0.5' ],
249 silly audit   'concat-stream': [ '1.6.2' ],
249 silly audit   'content-disposition': [ '0.5.4' ],
249 silly audit   'safe-buffer': [ '5.2.1', '5.1.2' ],
249 silly audit   'content-type': [ '1.0.5' ],
249 silly audit   cookie: [ '0.5.0' ],
249 silly audit   'cookie-signature': [ '1.0.6' ],
249 silly audit   'core-util-is': [ '1.0.3' ],
249 silly audit   debug: [ '2.6.9' ],
249 silly audit   'define-data-property': [ '1.1.1' ],
249 silly audit   depd: [ '2.0.0' ],
249 silly audit   destroy: [ '1.2.0' ],
249 silly audit   'ee-first': [ '1.1.1' ],
249 silly audit   encodeurl: [ '1.0.2' ],
249 silly audit   'escape-html': [ '1.0.3' ],
249 silly audit   etag: [ '1.8.1' ],
249 silly audit   express: [ '4.18.2' ],
249 silly audit   finalhandler: [ '1.2.0' ],
249 silly audit   forwarded: [ '0.2.0' ],
249 silly audit   fresh: [ '0.5.2' ],
249 silly audit   'function-bind': [ '1.1.2' ],
249 silly audit   'get-intrinsic': [ '1.2.2' ],
249 silly audit   gopd: [ '1.0.1' ],
249 silly audit   'has-property-descriptors': [ '1.0.1' ],
249 silly audit   'has-proto': [ '1.0.1' ],
249 silly audit   'has-symbols': [ '1.0.3' ],
249 silly audit   hasown: [ '2.0.0' ],
249 silly audit   'http-errors': [ '2.0.0' ],
249 silly audit   'iconv-lite': [ '0.4.24' ],
249 silly audit   inherits: [ '2.0.4' ],
249 silly audit   'ipaddr.js': [ '1.9.1' ],
249 silly audit   isarray: [ '1.0.0' ],
249 silly audit   'media-typer': [ '0.3.0' ],
249 silly audit   'merge-descriptors': [ '1.0.1' ],
249 silly audit   methods: [ '1.1.2' ],
249 silly audit   mime: [ '1.6.0' ],
249 silly audit   'mime-db': [ '1.52.0' ],
249 silly audit   'mime-types': [ '2.1.35' ],
249 silly audit   minimist: [ '1.2.8' ],
249 silly audit   mkdirp: [ '0.5.6' ],
249 silly audit   ms: [ '2.0.0', '2.1.3' ],
249 silly audit   multer: [ '1.4.5-lts.1' ],
249 silly audit   negotiator: [ '0.6.3' ],
249 silly audit   'object-assign': [ '4.1.1' ],
249 silly audit   'object-inspect': [ '1.13.1' ],
249 silly audit   'on-finished': [ '2.4.1' ],
249 silly audit   parseurl: [ '1.3.3' ],
249 silly audit   'path-to-regexp': [ '0.1.7' ],
249 silly audit   'process-nextick-args': [ '2.0.1' ],
249 silly audit   'proxy-addr': [ '2.0.7' ],
249 silly audit   qs: [ '6.11.0' ],
249 silly audit   'range-parser': [ '1.2.1' ],
249 silly audit   'raw-body': [ '2.5.1' ],
249 silly audit   'readable-stream': [ '2.3.8' ],
249 silly audit   'safer-buffer': [ '2.1.2' ],
249 silly audit   send: [ '0.18.0' ],
249 silly audit   'serve-static': [ '1.15.0' ],
249 silly audit   'set-function-length': [ '1.1.1' ],
249 silly audit   setprototypeof: [ '1.2.0' ],
249 silly audit   'side-channel': [ '1.0.4' ],
249 silly audit   statuses: [ '2.0.1' ],
249 silly audit   streamsearch: [ '1.1.0' ],
249 silly audit   string_decoder: [ '1.1.1' ],
249 silly audit   three: [ '0.163.0' ],
249 silly audit   toidentifier: [ '1.0.1' ],
249 silly audit   'type-is': [ '1.6.18' ],
249 silly audit   typedarray: [ '0.0.6' ],
249 silly audit   typescript: [ '5.1.6' ],
249 silly audit   unpipe: [ '1.0.0' ],
249 silly audit   'util-deprecate': [ '1.0.2' ],
249 silly audit   'utils-merge': [ '1.0.1' ],
249 silly audit   vary: [ '1.1.2' ],
249 silly audit   xtend: [ '4.0.2' ],
249 silly audit   vite: [ '5.2.8' ],
249 silly audit   esbuild: [ '0.20.2' ],
249 silly audit   fsevents: [ '2.3.3' ],
249 silly audit   postcss: [ '8.4.38' ],
249 silly audit   rollup: [ '4.14.1' ],
249 silly audit   '@esbuild/aix-ppc64': [ '0.20.2' ],
249 silly audit   '@esbuild/android-arm': [ '0.20.2' ],
249 silly audit   '@esbuild/android-arm64': [ '0.20.2' ],
249 silly audit   '@esbuild/android-x64': [ '0.20.2' ],
249 silly audit   '@esbuild/darwin-arm64': [ '0.20.2' ],
249 silly audit   '@esbuild/darwin-x64': [ '0.20.2' ],
249 silly audit   '@esbuild/freebsd-arm64': [ '0.20.2' ],
249 silly audit   '@esbuild/freebsd-x64': [ '0.20.2' ],
249 silly audit   '@esbuild/linux-arm': [ '0.20.2' ],
249 silly audit   '@esbuild/linux-arm64': [ '0.20.2' ],
249 silly audit   '@esbuild/linux-ia32': [ '0.20.2' ],
249 silly audit   '@esbuild/linux-loong64': [ '0.20.2' ],
249 silly audit   '@esbuild/linux-mips64el': [ '0.20.2' ],
249 silly audit   '@esbuild/linux-ppc64': [ '0.20.2' ],
249 silly audit   '@esbuild/linux-riscv64': [ '0.20.2' ],
249 silly audit   '@esbuild/linux-s390x': [ '0.20.2' ],
249 silly audit   '@esbuild/linux-x64': [ '0.20.2' ],
249 silly audit   '@esbuild/netbsd-x64': [ '0.20.2' ],
249 silly audit   '@esbuild/openbsd-x64': [ '0.20.2' ],
249 silly audit   '@esbuild/sunos-x64': [ '0.20.2' ],
249 silly audit   '@esbuild/win32-arm64': [ '0.20.2' ],
249 silly audit   '@esbuild/win32-ia32': [ '0.20.2' ],
249 silly audit   '@esbuild/win32-x64': [ '0.20.2' ],
249 silly audit   nanoid: [ '3.3.7' ],
249 silly audit   picocolors: [ '1.0.0' ],
249 silly audit   'source-map-js': [ '1.2.0' ],
249 silly audit   '@rollup/rollup-android-arm-eabi': [ '4.14.1' ],
249 silly audit   '@rollup/rollup-android-arm64': [ '4.14.1' ],
249 silly audit   '@rollup/rollup-darwin-arm64': [ '4.14.1' ],
249 silly audit   '@rollup/rollup-darwin-x64': [ '4.14.1' ],
249 silly audit   '@rollup/rollup-linux-arm-gnueabihf': [ '4.14.1' ],
249 silly audit   '@rollup/rollup-linux-arm64-gnu': [ '4.14.1' ],
249 silly audit   '@rollup/rollup-linux-arm64-musl': [ '4.14.1' ],
249 silly audit   '@rollup/rollup-linux-powerpc64le-gnu': [ '4.14.1' ],
249 silly audit   '@rollup/rollup-linux-riscv64-gnu': [ '4.14.1' ],
249 silly audit   '@rollup/rollup-linux-s390x-gnu': [ '4.14.1' ],
249 silly audit   '@rollup/rollup-linux-x64-gnu': [ '4.14.1' ],
249 silly audit   '@rollup/rollup-linux-x64-musl': [ '4.14.1' ],
249 silly audit   '@rollup/rollup-win32-arm64-msvc': [ '4.14.1' ],
249 silly audit   '@rollup/rollup-win32-ia32-msvc': [ '4.14.1' ],
249 silly audit   '@rollup/rollup-win32-x64-msvc': [ '4.14.1' ],
249 silly audit   '@types/estree': [ '1.0.5' ]
249 silly audit }
250 verbose reify failed optional dependency C:\Users\Sujana\node_modules\@rollup\rollup-win32-ia32-msvc
251 silly reify mark deleted [ 'C:\\Users\\Sujana\\node_modules\\@rollup\\rollup-win32-ia32-msvc' ]
252 verbose reify failed optional dependency C:\Users\Sujana\node_modules\@rollup\rollup-win32-arm64-msvc
253 silly reify mark deleted [ 'C:\\Users\\Sujana\\node_modules\\@rollup\\rollup-win32-arm64-msvc' ]
254 verbose reify failed optional dependency C:\Users\Sujana\node_modules\@rollup\rollup-linux-x64-musl
255 silly reify mark deleted [ 'C:\\Users\\Sujana\\node_modules\\@rollup\\rollup-linux-x64-musl' ]
256 verbose reify failed optional dependency C:\Users\Sujana\node_modules\@rollup\rollup-linux-x64-gnu
257 silly reify mark deleted [ 'C:\\Users\\Sujana\\node_modules\\@rollup\\rollup-linux-x64-gnu' ]
258 verbose reify failed optional dependency C:\Users\Sujana\node_modules\@rollup\rollup-linux-s390x-gnu
259 silly reify mark deleted [ 'C:\\Users\\Sujana\\node_modules\\@rollup\\rollup-linux-s390x-gnu' ]
260 verbose reify failed optional dependency C:\Users\Sujana\node_modules\@rollup\rollup-linux-riscv64-gnu
261 silly reify mark deleted [
261 silly reify   'C:\\Users\\Sujana\\node_modules\\@rollup\\rollup-linux-riscv64-gnu'
261 silly reify ]
262 verbose reify failed optional dependency C:\Users\Sujana\node_modules\@rollup\rollup-linux-powerpc64le-gnu
263 silly reify mark deleted [
263 silly reify   'C:\\Users\\Sujana\\node_modules\\@rollup\\rollup-linux-powerpc64le-gnu'
263 silly reify ]
264 verbose reify failed optional dependency C:\Users\Sujana\node_modules\@rollup\rollup-linux-arm64-musl
265 silly reify mark deleted [ 'C:\\Users\\Sujana\\node_modules\\@rollup\\rollup-linux-arm64-musl' ]
266 verbose reify failed optional dependency C:\Users\Sujana\node_modules\@rollup\rollup-linux-arm64-gnu
267 silly reify mark deleted [ 'C:\\Users\\Sujana\\node_modules\\@rollup\\rollup-linux-arm64-gnu' ]
268 verbose reify failed optional dependency C:\Users\Sujana\node_modules\@rollup\rollup-linux-arm-gnueabihf
269 silly reify mark deleted [
269 silly reify   'C:\\Users\\Sujana\\node_modules\\@rollup\\rollup-linux-arm-gnueabihf'
269 silly reify ]
270 verbose reify failed optional dependency C:\Users\Sujana\node_modules\@rollup\rollup-darwin-x64
271 silly reify mark deleted [ 'C:\\Users\\Sujana\\node_modules\\@rollup\\rollup-darwin-x64' ]
272 verbose reify failed optional dependency C:\Users\Sujana\node_modules\@rollup\rollup-darwin-arm64
273 silly reify mark deleted [ 'C:\\Users\\Sujana\\node_modules\\@rollup\\rollup-darwin-arm64' ]
274 verbose reify failed optional dependency C:\Users\Sujana\node_modules\@rollup\rollup-android-arm64
275 silly reify mark deleted [ 'C:\\Users\\Sujana\\node_modules\\@rollup\\rollup-android-arm64' ]
276 verbose reify failed optional dependency C:\Users\Sujana\node_modules\@rollup\rollup-android-arm-eabi
277 silly reify mark deleted [ 'C:\\Users\\Sujana\\node_modules\\@rollup\\rollup-android-arm-eabi' ]
278 verbose reify failed optional dependency C:\Users\Sujana\node_modules\@esbuild\win32-ia32
279 silly reify mark deleted [ 'C:\\Users\\Sujana\\node_modules\\@esbuild\\win32-ia32' ]
280 verbose reify failed optional dependency C:\Users\Sujana\node_modules\@esbuild\win32-arm64
281 silly reify mark deleted [ 'C:\\Users\\Sujana\\node_modules\\@esbuild\\win32-arm64' ]
282 verbose reify failed optional dependency C:\Users\Sujana\node_modules\@esbuild\sunos-x64
283 silly reify mark deleted [ 'C:\\Users\\Sujana\\node_modules\\@esbuild\\sunos-x64' ]
284 verbose reify failed optional dependency C:\Users\Sujana\node_modules\@esbuild\openbsd-x64
285 silly reify mark deleted [ 'C:\\Users\\Sujana\\node_modules\\@esbuild\\openbsd-x64' ]
286 verbose reify failed optional dependency C:\Users\Sujana\node_modules\@esbuild\netbsd-x64
287 silly reify mark deleted [ 'C:\\Users\\Sujana\\node_modules\\@esbuild\\netbsd-x64' ]
288 verbose reify failed optional dependency C:\Users\Sujana\node_modules\@esbuild\linux-x64
289 silly reify mark deleted [ 'C:\\Users\\Sujana\\node_modules\\@esbuild\\linux-x64' ]
290 verbose reify failed optional dependency C:\Users\Sujana\node_modules\@esbuild\linux-s390x
291 silly reify mark deleted [ 'C:\\Users\\Sujana\\node_modules\\@esbuild\\linux-s390x' ]
292 verbose reify failed optional dependency C:\Users\Sujana\node_modules\@esbuild\linux-riscv64
293 silly reify mark deleted [ 'C:\\Users\\Sujana\\node_modules\\@esbuild\\linux-riscv64' ]
294 verbose reify failed optional dependency C:\Users\Sujana\node_modules\@esbuild\linux-ppc64
295 silly reify mark deleted [ 'C:\\Users\\Sujana\\node_modules\\@esbuild\\linux-ppc64' ]
296 verbose reify failed optional dependency C:\Users\Sujana\node_modules\@esbuild\linux-mips64el
297 silly reify mark deleted [ 'C:\\Users\\Sujana\\node_modules\\@esbuild\\linux-mips64el' ]
298 verbose reify failed optional dependency C:\Users\Sujana\node_modules\@esbuild\linux-loong64
299 silly reify mark deleted [ 'C:\\Users\\Sujana\\node_modules\\@esbuild\\linux-loong64' ]
300 verbose reify failed optional dependency C:\Users\Sujana\node_modules\@esbuild\linux-ia32
301 silly reify mark deleted [ 'C:\\Users\\Sujana\\node_modules\\@esbuild\\linux-ia32' ]
302 verbose reify failed optional dependency C:\Users\Sujana\node_modules\@esbuild\linux-arm64
303 silly reify mark deleted [ 'C:\\Users\\Sujana\\node_modules\\@esbuild\\linux-arm64' ]
304 verbose reify failed optional dependency C:\Users\Sujana\node_modules\@esbuild\linux-arm
305 silly reify mark deleted [ 'C:\\Users\\Sujana\\node_modules\\@esbuild\\linux-arm' ]
306 verbose reify failed optional dependency C:\Users\Sujana\node_modules\@esbuild\freebsd-x64
307 silly reify mark deleted [ 'C:\\Users\\Sujana\\node_modules\\@esbuild\\freebsd-x64' ]
308 verbose reify failed optional dependency C:\Users\Sujana\node_modules\@esbuild\freebsd-arm64
309 silly reify mark deleted [ 'C:\\Users\\Sujana\\node_modules\\@esbuild\\freebsd-arm64' ]
310 verbose reify failed optional dependency C:\Users\Sujana\node_modules\@esbuild\darwin-x64
311 silly reify mark deleted [ 'C:\\Users\\Sujana\\node_modules\\@esbuild\\darwin-x64' ]
312 verbose reify failed optional dependency C:\Users\Sujana\node_modules\@esbuild\darwin-arm64
313 silly reify mark deleted [ 'C:\\Users\\Sujana\\node_modules\\@esbuild\\darwin-arm64' ]
314 verbose reify failed optional dependency C:\Users\Sujana\node_modules\@esbuild\android-x64
315 silly reify mark deleted [ 'C:\\Users\\Sujana\\node_modules\\@esbuild\\android-x64' ]
316 verbose reify failed optional dependency C:\Users\Sujana\node_modules\@esbuild\android-arm64
317 silly reify mark deleted [ 'C:\\Users\\Sujana\\node_modules\\@esbuild\\android-arm64' ]
318 verbose reify failed optional dependency C:\Users\Sujana\node_modules\@esbuild\android-arm
319 silly reify mark deleted [ 'C:\\Users\\Sujana\\node_modules\\@esbuild\\android-arm' ]
320 verbose reify failed optional dependency C:\Users\Sujana\node_modules\@esbuild\aix-ppc64
321 silly reify mark deleted [ 'C:\\Users\\Sujana\\node_modules\\@esbuild\\aix-ppc64' ]
322 verbose reify failed optional dependency C:\Users\Sujana\node_modules\fsevents
323 silly reify mark deleted [ 'C:\\Users\\Sujana\\node_modules\\fsevents' ]
324 timing reifyNode:node_modules/@rollup/rollup-win32-ia32-msvc Completed in 21ms
325 timing reifyNode:node_modules/@rollup/rollup-win32-arm64-msvc Completed in 21ms
326 timing reifyNode:node_modules/@rollup/rollup-linux-x64-musl Completed in 21ms
327 timing reifyNode:node_modules/@rollup/rollup-linux-x64-gnu Completed in 20ms
328 timing reifyNode:node_modules/@rollup/rollup-linux-s390x-gnu Completed in 20ms
329 timing reifyNode:node_modules/@rollup/rollup-linux-riscv64-gnu Completed in 20ms
330 timing reifyNode:node_modules/@rollup/rollup-linux-powerpc64le-gnu Completed in 20ms
331 timing reifyNode:node_modules/@rollup/rollup-linux-arm64-musl Completed in 19ms
332 timing reifyNode:node_modules/@rollup/rollup-linux-arm64-gnu Completed in 19ms
333 timing reifyNode:node_modules/@rollup/rollup-linux-arm-gnueabihf Completed in 20ms
334 timing reifyNode:node_modules/@rollup/rollup-darwin-x64 Completed in 20ms
335 timing reifyNode:node_modules/@rollup/rollup-darwin-arm64 Completed in 20ms
336 timing reifyNode:node_modules/@rollup/rollup-android-arm64 Completed in 19ms
337 timing reifyNode:node_modules/@rollup/rollup-android-arm-eabi Completed in 19ms
338 timing reifyNode:node_modules/@esbuild/win32-ia32 Completed in 19ms
339 timing reifyNode:node_modules/@esbuild/win32-arm64 Completed in 18ms
340 timing reifyNode:node_modules/@esbuild/sunos-x64 Completed in 18ms
341 timing reifyNode:node_modules/@esbuild/openbsd-x64 Completed in 18ms
342 timing reifyNode:node_modules/@esbuild/netbsd-x64 Completed in 18ms
343 timing reifyNode:node_modules/@esbuild/linux-x64 Completed in 19ms
344 timing reifyNode:node_modules/@esbuild/linux-s390x Completed in 19ms
345 timing reifyNode:node_modules/@esbuild/linux-riscv64 Completed in 19ms
346 timing reifyNode:node_modules/@esbuild/linux-ppc64 Completed in 19ms
347 timing reifyNode:node_modules/@esbuild/linux-mips64el Completed in 18ms
348 timing reifyNode:node_modules/@esbuild/linux-loong64 Completed in 18ms
349 timing reifyNode:node_modules/@esbuild/linux-ia32 Completed in 18ms
350 timing reifyNode:node_modules/@esbuild/linux-arm64 Completed in 18ms
351 timing reifyNode:node_modules/@esbuild/linux-arm Completed in 18ms
352 timing reifyNode:node_modules/@esbuild/freebsd-x64 Completed in 18ms
353 timing reifyNode:node_modules/@esbuild/freebsd-arm64 Completed in 18ms
354 timing reifyNode:node_modules/@esbuild/darwin-x64 Completed in 18ms
355 timing reifyNode:node_modules/@esbuild/darwin-arm64 Completed in 18ms
356 timing reifyNode:node_modules/@esbuild/android-x64 Completed in 18ms
357 timing reifyNode:node_modules/@esbuild/android-arm64 Completed in 18ms
358 timing reifyNode:node_modules/@esbuild/android-arm Completed in 18ms
359 timing reifyNode:node_modules/@esbuild/aix-ppc64 Completed in 18ms
360 timing reifyNode:node_modules/fsevents Completed in 17ms
361 silly tarball no local data for @types/estree@http://registry.npmjs.org/@types/estree/-/estree-1.0.5.tgz. Extracting by manifest.
362 silly tarball no local data for @rollup/rollup-win32-x64-msvc@http://registry.npmjs.org/@rollup/rollup-win32-x64-msvc/-/rollup-win32-x64-msvc-4.14.1.tgz. Extracting by manifest.
363 silly tarball no local data for picocolors@http://registry.npmjs.org/picocolors/-/picocolors-1.0.0.tgz. Extracting by manifest.
364 silly tarball no local data for @esbuild/win32-x64@http://registry.npmjs.org/@esbuild/win32-x64/-/win32-x64-0.20.2.tgz. Extracting by manifest.
365 silly tarball no local data for postcss@http://registry.npmjs.org/postcss/-/postcss-8.4.38.tgz. Extracting by manifest.
366 silly tarball no local data for nanoid@http://registry.npmjs.org/nanoid/-/nanoid-3.3.7.tgz. Extracting by manifest.
367 silly tarball no local data for source-map-js@http://registry.npmjs.org/source-map-js/-/source-map-js-1.2.0.tgz. Extracting by manifest.
368 silly tarball no local data for esbuild@http://registry.npmjs.org/esbuild/-/esbuild-0.20.2.tgz. Extracting by manifest.
369 silly tarball no local data for vite@http://registry.npmjs.org/vite/-/vite-5.2.8.tgz. Extracting by manifest.
370 silly tarball no local data for rollup@http://registry.npmjs.org/rollup/-/rollup-4.14.1.tgz. Extracting by manifest.
371 notice Beginning October 4, 2021, all connections to the npm registry - including for package installation - must use TLS 1.2 or higher. You are currently using plaintext http to connect. Please visit the GitHub blog for more information: https://github.blog/2021-08-23-npm-registry-deprecating-tls-1-0-tls-1-1/
372 http fetch POST 426 http://registry.npmjs.org/-/npm/v1/security/advisories/bulk 313ms
373 silly audit bulk request failed Beginning October 4, 2021, all connections to npm websites and the npm registry - including for package installation - must use HTTPS and TLS 1.2 or higher.
373 silly audit
373 silly audit For more information see this blog post: https://github.blog/2021-08-23-npm-registry-deprecating-tls-1-0-tls-1-1/
374 notice Beginning October 4, 2021, all connections to the npm registry - including for package installation - must use TLS 1.2 or higher. You are currently using plaintext http to connect. Please visit the GitHub blog for more information: https://github.blog/2021-08-23-npm-registry-deprecating-tls-1-0-tls-1-1/
375 http fetch POST 426 http://registry.npmjs.org/-/npm/v1/security/audits/quick 214ms
376 verbose audit error HttpErrorGeneral: 426 Upgrade Required - POST http://registry.npmjs.org/-/npm/v1/security/audits/quick
376 verbose audit error     at C:\Program Files\nodejs\node_modules\npm\node_modules\npm-registry-fetch\lib\check-response.js:95:15
376 verbose audit error     at process.processTicksAndRejections (node:internal/process/task_queues:95:5)
376 verbose audit error     at async [getReport] (C:\Program Files\nodejs\node_modules\npm\node_modules\@npmcli\arborist\lib\audit-report.js:335:21)
376 verbose audit error     at async AuditReport.run (C:\Program Files\nodejs\node_modules\npm\node_modules\@npmcli\arborist\lib\audit-report.js:106:19) {
376 verbose audit error   headers: [Object: null prototype] {
376 verbose audit error     date: [ 'Mon, 08 Apr 2024 07:11:06 GMT' ],
376 verbose audit error     'content-type': [ 'text/plain' ],
376 verbose audit error     'content-length': [ '271' ],
376 verbose audit error     connection: [ 'keep-alive' ],
376 verbose audit error     'npm-notice': [
376 verbose audit error       'Beginning October 4, 2021, all connections to the npm registry - including for package installation - must use TLS 1.2 or higher. You are currently using plaintext http to connect. Please visit the GitHub blog for more information: https://github.blog/2021-08-23-npm-registry-deprecating-tls-1-0-tls-1-1/'
376 verbose audit error     ],
376 verbose audit error     vary: [ 'Accept-Encoding' ],
376 verbose audit error     server: [ 'cloudflare' ],
376 verbose audit error     'cf-ray': [ '871071003a9e71df-FRA' ],
376 verbose audit error     'x-fetch-attempts': [ '1' ]
376 verbose audit error   },
376 verbose audit error   statusCode: 426,
376 verbose audit error   code: 'E426',
376 verbose audit error   method: 'POST',
376 verbose audit error   uri: 'http://registry.npmjs.org/-/npm/v1/security/audits/quick',
376 verbose audit error   body: <Buffer 42 65 67 69 6e 6e 69 6e 67 20 4f 63 74 6f 62 65 72 20 34 2c 20 32 30 32 31 2c 20 61 6c 6c 20 63 6f 6e 6e 65 63 74 69 6f 6e 73 20 74 6f 20 6e 70 6d 20 ... 221 more bytes>,
376 verbose audit error   pkgid: undefined
376 verbose audit error }
377 silly audit error Beginning October 4, 2021, all connections to npm websites and the npm registry - including for package installation - must use HTTPS and TLS 1.2 or higher.
377 silly audit error
377 silly audit error For more information see this blog post: https://github.blog/2021-08-23-npm-registry-deprecating-tls-1-0-tls-1-1/
378 timing auditReport:getReport Completed in 590ms
379 silly audit report null
380 timing reify:audit Completed in 591ms
381 http fetch GET 200 https://registry.npmjs.org/picocolors/-/picocolors-1.0.0.tgz 697ms (cache miss)
382 timing reifyNode:node_modules/picocolors Completed in 758ms
383 http fetch GET 200 https://registry.npmjs.org/esbuild/-/esbuild-0.20.2.tgz 726ms (cache miss)
384 timing reifyNode:node_modules/esbuild Completed in 763ms
385 http fetch GET 200 https://registry.npmjs.org/source-map-js/-/source-map-js-1.2.0.tgz 752ms (cache miss)
386 timing reifyNode:node_modules/source-map-js Completed in 791ms
387 http fetch GET 200 https://registry.npmjs.org/@types/estree/-/estree-1.0.5.tgz 765ms (cache miss)
388 timing reifyNode:node_modules/@types/estree Completed in 804ms
389 http fetch GET 200 https://registry.npmjs.org/nanoid/-/nanoid-3.3.7.tgz 763ms (cache miss)
390 timing reifyNode:node_modules/nanoid Completed in 802ms
391 http fetch GET 200 https://registry.npmjs.org/postcss/-/postcss-8.4.38.tgz 834ms (cache miss)
392 timing reifyNode:node_modules/postcss Completed in 870ms
393 http fetch GET 200 https://registry.npmjs.org/rollup/-/rollup-4.14.1.tgz 1985ms (cache miss)
394 timing reifyNode:node_modules/rollup Completed in 2026ms
395 http fetch GET 200 https://registry.npmjs.org/@rollup/rollup-win32-x64-msvc/-/rollup-win32-x64-msvc-4.14.1.tgz 2116ms (cache miss)
396 timing reifyNode:node_modules/@rollup/rollup-win32-x64-msvc Completed in 2152ms
397 http fetch GET 200 https://registry.npmjs.org/vite/-/vite-5.2.8.tgz 2121ms (cache miss)
398 timing reifyNode:node_modules/vite Completed in 2159ms
399 http fetch GET 200 https://registry.npmjs.org/@esbuild/win32-x64/-/win32-x64-0.20.2.tgz 3302ms (cache miss)
400 timing reifyNode:node_modules/@esbuild/win32-x64 Completed in 3337ms
401 timing reify:unpack Completed in 3342ms
402 timing reify:unretire Completed in 0ms
403 timing build:queue Completed in 5ms
404 timing build:link:node_modules/nanoid Completed in 15ms
405 timing build:link:node_modules/vite Completed in 15ms
406 timing build:link:node_modules/esbuild Completed in 17ms
407 timing build:link:node_modules/rollup Completed in 15ms
408 timing build:link Completed in 17ms
409 info run esbuild@0.20.2 postinstall node_modules/esbuild node install.js
410 info run esbuild@0.20.2 postinstall { code: 0, signal: null }
411 timing build:run:postinstall:node_modules/esbuild Completed in 2490ms
412 timing build:run:postinstall Completed in 2490ms
413 timing build:deps Completed in 2514ms
414 timing build Completed in 2514ms
415 timing reify:build Completed in 2515ms
416 timing reify:trash Completed in 5ms
417 timing reify:save Completed in 62ms
418 timing reify Completed in 20755ms
419 silly ADD node_modules/@types/estree
420 silly ADD node_modules/@rollup/rollup-win32-x64-msvc
421 silly ADD
422 silly ADD
423 silly ADD
424 silly ADD
425 silly ADD
426 silly ADD
427 silly ADD
428 silly ADD
429 silly ADD
430 silly ADD
431 silly ADD
432 silly ADD
433 silly ADD
434 silly ADD
435 silly ADD node_modules/source-map-js
436 silly ADD node_modules/picocolors
437 silly ADD node_modules/nanoid
438 silly ADD node_modules/@esbuild/win32-x64
439 silly ADD
440 silly ADD
441 silly ADD
442 silly ADD
443 silly ADD
444 silly ADD
445 silly ADD
446 silly ADD
447 silly ADD
448 silly ADD
449 silly ADD
450 silly ADD
451 silly ADD
452 silly ADD
453 silly ADD
454 silly ADD
455 silly ADD
456 silly ADD
457 silly ADD
458 silly ADD
459 silly ADD
460 silly ADD
461 silly ADD node_modules/rollup
462 silly ADD node_modules/postcss
463 silly ADD
464 silly ADD node_modules/esbuild
465 silly ADD node_modules/vite
466 timing command:install Completed in 20773ms
467 verbose exit 0
468 timing npm Completed in 21025ms
469 info ok
