0 verbose cli C:\Program Files\nodejs\node.exe C:\Program Files\nodejs\node_modules\npm\bin\npm-cli.js
1 info using npm@9.6.7
2 info using node@v18.17.1
3 timing npm:load:whichnode Completed in 2ms
4 timing config:load:defaults Completed in 2ms
5 timing config:load:file:C:\Program Files\nodejs\node_modules\npm\npmrc Completed in 4ms
6 timing config:load:builtin Completed in 5ms
7 timing config:load:cli Completed in 1ms
8 timing config:load:env Completed in 1ms
9 timing config:load:project Completed in 2ms
10 timing config:load:file:C:\Users\Sujana\.npmrc Completed in 1ms
11 timing config:load:user Completed in 1ms
12 timing config:load:file:C:\Users\Sujana\AppData\Roaming\npm\etc\npmrc Completed in 1ms
13 timing config:load:global Completed in 1ms
14 timing config:load:setEnvs Completed in 1ms
15 timing config:load Completed in 14ms
16 timing npm:load:configload Completed in 14ms
17 timing npm:load:mkdirpcache Completed in 0ms
18 timing npm:load:mkdirplogs Completed in 1ms
19 verbose title npm install three
20 verbose argv "install" "--save" "three"
21 timing npm:load:setTitle Completed in 1ms
22 timing config:load:flatten Completed in 3ms
23 timing npm:load:display Completed in 3ms
24 verbose logfile logs-max:10 dir:C:\Users\Sujana\OneDrive\Desktop\3d\.npm\_logs\2024-04-08T07_10_26_481Z-
25 verbose logfile C:\Users\Sujana\OneDrive\Desktop\3d\.npm\_logs\2024-04-08T07_10_26_481Z-debug-0.log
26 timing npm:load:logFile Completed in 8ms
27 timing npm:load:timers Completed in 0ms
28 timing npm:load:configScope Completed in 0ms
29 timing npm:load Completed in 31ms
30 timing arborist:ctor Completed in 1ms
31 silly logfile done cleaning log files
32 timing idealTree:init Completed in 51ms
33 timing idealTree:userRequests Completed in 1ms
34 silly idealTree buildDeps
35 silly fetch manifest three@*
36 timing arborist:ctor Completed in 0ms
37 http fetch GET 200 https://registry.npmjs.org/three 2189ms (cache miss)
38 silly placeDep ROOT three@0.163.0 OK for:  want: *
39 timing idealTree:#root Completed in 2197ms
40 timing idealTree:node_modules/three Completed in 0ms
41 timing idealTree:buildDeps Completed in 2197ms
42 timing idealTree:fixDepFlags Completed in 1ms
43 timing idealTree Completed in 2252ms
44 timing reify:loadTrees Completed in 2253ms
45 timing reify:diffTrees Completed in 6ms
46 silly reify moves {}
47 timing reify:retireShallow Completed in 1ms
48 timing reify:createSparse Completed in 2ms
49 timing reify:loadBundles Completed in 0ms
50 silly audit bulk request {
50 silly audit   accepts: [ '1.3.8' ],
50 silly audit   'append-field': [ '1.0.0' ],
50 silly audit   'array-flatten': [ '1.1.1' ],
50 silly audit   'body-parser': [ '1.20.1' ],
50 silly audit   'bootstrap-icons': [ '1.11.2' ],
50 silly audit   'buffer-from': [ '1.1.2' ],
50 silly audit   busboy: [ '1.6.0' ],
50 silly audit   bytes: [ '3.1.2' ],
50 silly audit   'call-bind': [ '1.0.5' ],
50 silly audit   'concat-stream': [ '1.6.2' ],
50 silly audit   'content-disposition': [ '0.5.4' ],
50 silly audit   'safe-buffer': [ '5.2.1', '5.1.2' ],
50 silly audit   'content-type': [ '1.0.5' ],
50 silly audit   cookie: [ '0.5.0' ],
50 silly audit   'cookie-signature': [ '1.0.6' ],
50 silly audit   'core-util-is': [ '1.0.3' ],
50 silly audit   debug: [ '2.6.9' ],
50 silly audit   'define-data-property': [ '1.1.1' ],
50 silly audit   depd: [ '2.0.0' ],
50 silly audit   destroy: [ '1.2.0' ],
50 silly audit   'ee-first': [ '1.1.1' ],
50 silly audit   encodeurl: [ '1.0.2' ],
50 silly audit   'escape-html': [ '1.0.3' ],
50 silly audit   etag: [ '1.8.1' ],
50 silly audit   express: [ '4.18.2' ],
50 silly audit   finalhandler: [ '1.2.0' ],
50 silly audit   forwarded: [ '0.2.0' ],
50 silly audit   fresh: [ '0.5.2' ],
50 silly audit   'function-bind': [ '1.1.2' ],
50 silly audit   'get-intrinsic': [ '1.2.2' ],
50 silly audit   gopd: [ '1.0.1' ],
50 silly audit   'has-property-descriptors': [ '1.0.1' ],
50 silly audit   'has-proto': [ '1.0.1' ],
50 silly audit   'has-symbols': [ '1.0.3' ],
50 silly audit   hasown: [ '2.0.0' ],
50 silly audit   'http-errors': [ '2.0.0' ],
50 silly audit   'iconv-lite': [ '0.4.24' ],
50 silly audit   inherits: [ '2.0.4' ],
50 silly audit   'ipaddr.js': [ '1.9.1' ],
50 silly audit   isarray: [ '1.0.0' ],
50 silly audit   'media-typer': [ '0.3.0' ],
50 silly audit   'merge-descriptors': [ '1.0.1' ],
50 silly audit   methods: [ '1.1.2' ],
50 silly audit   mime: [ '1.6.0' ],
50 silly audit   'mime-db': [ '1.52.0' ],
50 silly audit   'mime-types': [ '2.1.35' ],
50 silly audit   minimist: [ '1.2.8' ],
50 silly audit   mkdirp: [ '0.5.6' ],
50 silly audit   ms: [ '2.0.0', '2.1.3' ],
50 silly audit   multer: [ '1.4.5-lts.1' ],
50 silly audit   negotiator: [ '0.6.3' ],
50 silly audit   'object-assign': [ '4.1.1' ],
50 silly audit   'object-inspect': [ '1.13.1' ],
50 silly audit   'on-finished': [ '2.4.1' ],
50 silly audit   parseurl: [ '1.3.3' ],
50 silly audit   'path-to-regexp': [ '0.1.7' ],
50 silly audit   'process-nextick-args': [ '2.0.1' ],
50 silly audit   'proxy-addr': [ '2.0.7' ],
50 silly audit   qs: [ '6.11.0' ],
50 silly audit   'range-parser': [ '1.2.1' ],
50 silly audit   'raw-body': [ '2.5.1' ],
50 silly audit   'readable-stream': [ '2.3.8' ],
50 silly audit   'safer-buffer': [ '2.1.2' ],
50 silly audit   send: [ '0.18.0' ],
50 silly audit   'serve-static': [ '1.15.0' ],
50 silly audit   'set-function-length': [ '1.1.1' ],
50 silly audit   setprototypeof: [ '1.2.0' ],
50 silly audit   'side-channel': [ '1.0.4' ],
50 silly audit   statuses: [ '2.0.1' ],
50 silly audit   streamsearch: [ '1.1.0' ],
50 silly audit   string_decoder: [ '1.1.1' ],
50 silly audit   toidentifier: [ '1.0.1' ],
50 silly audit   'type-is': [ '1.6.18' ],
50 silly audit   typedarray: [ '0.0.6' ],
50 silly audit   typescript: [ '5.1.6' ],
50 silly audit   unpipe: [ '1.0.0' ],
50 silly audit   'util-deprecate': [ '1.0.2' ],
50 silly audit   'utils-merge': [ '1.0.1' ],
50 silly audit   vary: [ '1.1.2' ],
50 silly audit   xtend: [ '4.0.2' ],
50 silly audit   three: [ '0.163.0' ]
50 silly audit }
51 silly tarball no local data for three@http://registry.npmjs.org/three/-/three-0.163.0.tgz. Extracting by manifest.
52 notice Beginning October 4, 2021, all connections to the npm registry - including for package installation - must use TLS 1.2 or higher. You are currently using plaintext http to connect. Please visit the GitHub blog for more information: https://github.blog/2021-08-23-npm-registry-deprecating-tls-1-0-tls-1-1/
53 http fetch POST 426 http://registry.npmjs.org/-/npm/v1/security/advisories/bulk 217ms
54 silly audit bulk request failed Beginning October 4, 2021, all connections to npm websites and the npm registry - including for package installation - must use HTTPS and TLS 1.2 or higher.
54 silly audit
54 silly audit For more information see this blog post: https://github.blog/2021-08-23-npm-registry-deprecating-tls-1-0-tls-1-1/
55 http fetch GET 200 https://registry.npmjs.org/npm 2563ms (cache miss)
56 notice Beginning October 4, 2021, all connections to the npm registry - including for package installation - must use TLS 1.2 or higher. You are currently using plaintext http to connect. Please visit the GitHub blog for more information: https://github.blog/2021-08-23-npm-registry-deprecating-tls-1-0-tls-1-1/
57 http fetch POST 426 http://registry.npmjs.org/-/npm/v1/security/audits/quick 213ms
58 verbose audit error HttpErrorGeneral: 426 Upgrade Required - POST http://registry.npmjs.org/-/npm/v1/security/audits/quick
58 verbose audit error     at C:\Program Files\nodejs\node_modules\npm\node_modules\npm-registry-fetch\lib\check-response.js:95:15
58 verbose audit error     at process.processTicksAndRejections (node:internal/process/task_queues:95:5)
58 verbose audit error     at async [getReport] (C:\Program Files\nodejs\node_modules\npm\node_modules\@npmcli\arborist\lib\audit-report.js:335:21)
58 verbose audit error     at async AuditReport.run (C:\Program Files\nodejs\node_modules\npm\node_modules\@npmcli\arborist\lib\audit-report.js:106:19) {
58 verbose audit error   headers: [Object: null prototype] {
58 verbose audit error     date: [ 'Mon, 08 Apr 2024 07:10:29 GMT' ],
58 verbose audit error     'content-type': [ 'text/plain' ],
58 verbose audit error     'content-length': [ '271' ],
58 verbose audit error     connection: [ 'keep-alive' ],
58 verbose audit error     'npm-notice': [
58 verbose audit error       'Beginning October 4, 2021, all connections to the npm registry - including for package installation - must use TLS 1.2 or higher. You are currently using plaintext http to connect. Please visit the GitHub blog for more information: https://github.blog/2021-08-23-npm-registry-deprecating-tls-1-0-tls-1-1/'
58 verbose audit error     ],
58 verbose audit error     vary: [ 'Accept-Encoding' ],
58 verbose audit error     server: [ 'cloudflare' ],
58 verbose audit error     'cf-ray': [ '8710701a49f0bbe6-FRA' ],
58 verbose audit error     'x-fetch-attempts': [ '1' ]
58 verbose audit error   },
58 verbose audit error   statusCode: 426,
58 verbose audit error   code: 'E426',
58 verbose audit error   method: 'POST',
58 verbose audit error   uri: 'http://registry.npmjs.org/-/npm/v1/security/audits/quick',
58 verbose audit error   body: <Buffer 42 65 67 69 6e 6e 69 6e 67 20 4f 63 74 6f 62 65 72 20 34 2c 20 32 30 32 31 2c 20 61 6c 6c 20 63 6f 6e 6e 65 63 74 69 6f 6e 73 20 74 6f 20 6e 70 6d 20 ... 221 more bytes>,
58 verbose audit error   pkgid: undefined
58 verbose audit error }
59 silly audit error Beginning October 4, 2021, all connections to npm websites and the npm registry - including for package installation - must use HTTPS and TLS 1.2 or higher.
59 silly audit error
59 silly audit error For more information see this blog post: https://github.blog/2021-08-23-npm-registry-deprecating-tls-1-0-tls-1-1/
60 timing auditReport:getReport Completed in 459ms
61 silly audit report null
62 timing reify:audit Completed in 460ms
63 http fetch GET 200 https://registry.npmjs.org/three/-/three-0.163.0.tgz 3058ms (cache miss)
64 timing reifyNode:node_modules/three Completed in 3065ms
65 timing reify:unpack Completed in 3065ms
66 timing reify:unretire Completed in 1ms
67 timing build:queue Completed in 0ms
68 timing build:deps Completed in 1ms
69 timing build Completed in 1ms
70 timing reify:build Completed in 1ms
71 timing reify:trash Completed in 0ms
72 timing reify:save Completed in 48ms
73 timing reify Completed in 5424ms
74 silly ADD node_modules/three
75 timing command:install Completed in 5432ms
76 notice
76 notice New [31mmajor[39m version of npm available! [31m9.6.7[39m -> [32m10.5.1[39m
76 notice Changelog: [36mhttps://github.com/npm/cli/releases/tag/v10.5.1[39m
76 notice Run [32mnpm install -g npm@10.5.1[39m to update!
76 notice
77 verbose exit 0
78 timing npm Completed in 5866ms
79 info ok
