0 verbose cli C:\Program Files\nodejs\node.exe C:\Program Files\nodejs\node_modules\npm\bin\npm-cli.js
1 info using npm@9.6.7
2 info using node@v18.17.1
3 timing npm:load:whichnode Completed in 2ms
4 timing config:load:defaults Completed in 2ms
5 timing config:load:file:C:\Program Files\nodejs\node_modules\npm\npmrc Completed in 4ms
6 timing config:load:builtin Completed in 4ms
7 timing config:load:cli Completed in 1ms
8 timing config:load:env Completed in 1ms
9 timing config:load:project Completed in 2ms
10 timing config:load:file:C:\Users\Sujana\.npmrc Completed in 1ms
11 timing config:load:user Completed in 1ms
12 timing config:load:file:C:\Users\Sujana\AppData\Roaming\npm\etc\npmrc Completed in 1ms
13 timing config:load:global Completed in 1ms
14 timing config:load:setEnvs Completed in 1ms
15 timing config:load Completed in 13ms
16 timing npm:load:configload Completed in 13ms
17 timing npm:load:mkdirpcache Completed in 0ms
18 timing npm:load:mkdirplogs Completed in 1ms
19 verbose title npm start
20 verbose argv "start"
21 timing npm:load:setTitle Completed in 1ms
22 timing config:load:flatten Completed in 2ms
23 timing npm:load:display Completed in 2ms
24 verbose logfile logs-max:10 dir:C:\Users\Sujana\OneDrive\Desktop\3d\.npm\_logs\2024-04-08T07_31_08_862Z-
25 verbose logfile C:\Users\Sujana\OneDrive\Desktop\3d\.npm\_logs\2024-04-08T07_31_08_862Z-debug-0.log
26 timing npm:load:logFile Completed in 10ms
27 timing npm:load:timers Completed in 0ms
28 timing npm:load:configScope Completed in 0ms
29 timing npm:load Completed in 29ms
30 timing command:run-script Completed in 12ms
31 timing command:start Completed in 30ms
32 verbose stack Error: Missing script: "start"
32 verbose stack
32 verbose stack Did you mean one of these?
32 verbose stack     npm star # Mark your favorite packages
32 verbose stack     npm stars # View packages marked as favorites
32 verbose stack
32 verbose stack To see a list of scripts, run:
32 verbose stack   npm run
32 verbose stack     at RunScript.run (C:\Program Files\nodejs\node_modules\npm\lib\commands\run-script.js:93:13)
32 verbose stack     at async module.exports (C:\Program Files\nodejs\node_modules\npm\lib\cli.js:89:5)
33 verbose cwd C:\Users\Sujana\OneDrive\Desktop\3d
34 verbose Windows_NT 10.0.22631
35 verbose node v18.17.1
36 verbose npm  v9.6.7
37 error Missing script: "start"
37 error
37 error Did you mean one of these?
37 error     npm star # Mark your favorite packages
37 error     npm stars # View packages marked as favorites
37 error
37 error To see a list of scripts, run:
37 error   npm run
38 verbose exit 1
39 timing npm Completed in 74ms
40 verbose code 1
41 error A complete log of this run can be found in: C:\Users\Sujana\OneDrive\Desktop\3d\.npm\_logs\2024-04-08T07_31_08_862Z-debug-0.log
